<?xml version="1.0" encoding="UTF-8"?>
<testsuite name="test.TestStrategy" tests="6" skipped="0" failures="0" errors="0" timestamp="2022-05-24T14:01:59" hostname="GFI05286.local" time="0.021">
  <properties/>
  <testcase name="testOperationAddCorrect()" classname="test.TestStrategy" time="0.014"/>
  <testcase name="testOperationSubtractCorrect()" classname="test.TestStrategy" time="0.0"/>
  <testcase name="testOperationMultiplyIncorrect()" classname="test.TestStrategy" time="0.001"/>
  <testcase name="testOperationAddIncorrect()" classname="test.TestStrategy" time="0.001"/>
  <testcase name="testOperationMultiplyCorrect()" classname="test.TestStrategy" time="0.0"/>
  <testcase name="testOperationSubtractIncorrect()" classname="test.TestStrategy" time="0.001"/>
  <system-out><![CDATA[]]></system-out>
  <system-err><![CDATA[]]></system-err>
</testsuite>
