<?xml version="1.0" encoding="UTF-8"?>
<testsuite name="behavioral.template.TestTemplate" tests="4" skipped="0" failures="0" errors="0" timestamp="2022-05-25T13:03:12" hostname="GFI05292.lan" time="0.025">
  <properties/>
  <testcase name="testCricketInitializeMessage()" classname="behavioral.template.TestTemplate" time="0.017"/>
  <testcase name="testCricketInitializeWrongMessage()" classname="behavioral.template.TestTemplate" time="0.002"/>
  <testcase name="testTemplateCricketWorking()" classname="behavioral.template.TestTemplate" time="0.002"/>
  <testcase name="testTemplateFootballWorking()" classname="behavioral.template.TestTemplate" time="0.002"/>
  <system-out><![CDATA[Cricket game initialized! Start playing
Cricket game initialized! Start playing
Cricket game initialized! Start playing
Cricket game started! Enjoy the game!
Cricket game finished!
Football game initialized! Start playing
Football game started! Enjoy the game!
Football game finished!
]]></system-out>
  <system-err><![CDATA[]]></system-err>
</testsuite>
